<?xml version="1.0" encoding="UTF-8"?>
<!-- Generated by org.testng.reporters.JUnitReportReporter -->
<testsuite hostname="DESKTOP-T0UDG4R" failures="0" tests="4" name="purchaseOrderTest.Customer1" time="0.018" errors="0" timestamp="2022-01-17T16:14:10 IST" skipped="0">
  <testcase classname="purchaseOrderTest.Customer1" name="customerTest3" time="0.002"/>
  <system-out/>
  <testcase classname="purchaseOrderTest.Customer1" name="customerTest4" time="0.002"/>
  <system-out/>
  <testcase classname="purchaseOrderTest.Customer1" name="customerTest2" time="0.002"/>
  <system-out/>
  <testcase classname="purchaseOrderTest.Customer1" name="customerTest1" time="0.012"/>
  <system-out/>
</testsuite> <!-- purchaseOrderTest.Customer1 -->
