<?xml version="1.0" encoding="UTF-8"?>
<!-- Generated by org.testng.reporters.JUnitReportReporter -->
<testsuite hostname="DESKTOP-T0UDG4R" failures="0" tests="1" name="purchaseOrderTest.PurchaseOrderWithItemAndAddServiceTest" time="5.330" errors="0" timestamp="2022-01-18T03:48:03 IST" skipped="0">
  <testcase classname="purchaseOrderTest.PurchaseOrderWithItemAndAddServiceTest" name="purchaseOrderTest" time="5.330"/>
  <system-out/>
</testsuite> <!-- purchaseOrderTest.PurchaseOrderWithItemAndAddServiceTest -->
