<?xml version="1.0" encoding="UTF-8"?>
<!-- Generated by org.testng.reporters.JUnitReportReporter -->
<testsuite hostname="DESKTOP-T0UDG4R" failures="0" tests="3" name="practice.CreateOrg" time="0.018" errors="0" timestamp="2022-01-17T20:40:34 IST" skipped="0">
  <testcase classname="practice.CreateOrg" name="contact" time="0.011"/>
  <system-out/>
  <testcase classname="practice.CreateOrg" name="org" time="0.004"/>
  <system-out/>
  <testcase classname="practice.CreateOrg" name="product" time="0.003"/>
  <system-out/>
</testsuite> <!-- practice.CreateOrg -->
