<?xml version="1.0" encoding="UTF-8"?>
<!-- Generated by org.testng.reporters.JUnitXMLReporter -->
<testsuite ignored="0" hostname="DESKTOP-T0UDG4R" failures="0" tests="1" name="Test-runner2" time="5.402" errors="0" timestamp="2022-01-18T03:48:02 IST">
  <testcase classname="purchaseOrderTest.PurchaseOrderWithItemAndAddServiceTest" name="purchaseOrderTest" time="5.33"/>
</testsuite> <!-- Test-runner2 -->
